-------------------------------------------------------------------------------
>Log Session: Thursday, May 6, 2021 at 1:40:30 PM Central European Summer Time
>System Info: 
  Product Version         = Apache NetBeans Platform Dev (Build 11.2-d04fb24027334c4b6fd8397b5d0cdd33187a8f54)
  Operating System        = Windows 10 version 10.0 running on amd64
  Java; VM; Vendor        = 13.0.1; Java HotSpot(TM) 64-Bit Server VM 13.0.1+9; Oracle Corporation
  Runtime                 = Java(TM) SE Runtime Environment 13.0.1+9
  Java Home               = C:\Program Files\Java\jdk-13.0.1
  System Locale; Encoding = da_DK (asteroidsnetbeansmodules); Cp1252
  Home Directory          = C:\Users\ander
  Current Directory       = C:\Users\ander\OneDrive\Dokumenter\4. Semester\COP\Spring lab\AsteroidsNetbeansModules\application\target\asteroidsnetbeansmodules
  User Directory          = C:\Users\ander\OneDrive\Dokumenter\4. Semester\COP\Spring lab\AsteroidsNetbeansModules\application\target\userdir
  Cache Directory         = C:\Users\ander\OneDrive\Dokumenter\4. Semester\COP\Spring lab\AsteroidsNetbeansModules\application\target\userdir\var\cache
  Installation            = C:\Users\ander\OneDrive\Dokumenter\4. Semester\COP\Spring lab\AsteroidsNetbeansModules\application\target\asteroidsnetbeansmodules\asteroidsnetbeansmodules
                            C:\Users\ander\OneDrive\Dokumenter\4. Semester\COP\Spring lab\AsteroidsNetbeansModules\application\target\asteroidsnetbeansmodules\bin
                            C:\Users\ander\OneDrive\Dokumenter\4. Semester\COP\Spring lab\AsteroidsNetbeansModules\application\target\asteroidsnetbeansmodules\etc
                            C:\Users\ander\OneDrive\Dokumenter\4. Semester\COP\Spring lab\AsteroidsNetbeansModules\application\target\asteroidsnetbeansmodules\platform
                            C:\Users\ander\OneDrive\Dokumenter\4. Semester\COP\Spring lab\AsteroidsNetbeansModules\application\target\asteroidsnetbeansmodules\platform
  Boot & Ext. Classpath   = 
  Application Classpath   = C:\Users\ander\OneDrive\Dokumenter\4. Semester\COP\Spring lab\AsteroidsNetbeansModules\application\target\asteroidsnetbeansmodules\platform\lib\boot.jar;C:\Users\ander\OneDrive\Dokumenter\4. Semester\COP\Spring lab\AsteroidsNetbeansModules\application\target\asteroidsnetbeansmodules\platform\lib\org-openide-modules.jar;C:\Users\ander\OneDrive\Dokumenter\4. Semester\COP\Spring lab\AsteroidsNetbeansModules\application\target\asteroidsnetbeansmodules\platform\lib\org-openide-util-lookup.jar;C:\Users\ander\OneDrive\Dokumenter\4. Semester\COP\Spring lab\AsteroidsNetbeansModules\application\target\asteroidsnetbeansmodules\platform\lib\org-openide-util-ui.jar;C:\Users\ander\OneDrive\Dokumenter\4. Semester\COP\Spring lab\AsteroidsNetbeansModules\application\target\asteroidsnetbeansmodules\platform\lib\org-openide-util.jar
  Startup Classpath       = C:\Users\ander\OneDrive\Dokumenter\4. Semester\COP\Spring lab\AsteroidsNetbeansModules\application\target\asteroidsnetbeansmodules\platform\core\asm-all-5.0.1.jar;C:\Users\ander\OneDrive\Dokumenter\4. Semester\COP\Spring lab\AsteroidsNetbeansModules\application\target\asteroidsnetbeansmodules\platform\core\core-base.jar;C:\Users\ander\OneDrive\Dokumenter\4. Semester\COP\Spring lab\AsteroidsNetbeansModules\application\target\asteroidsnetbeansmodules\platform\core\core.jar;C:\Users\ander\OneDrive\Dokumenter\4. Semester\COP\Spring lab\AsteroidsNetbeansModules\application\target\asteroidsnetbeansmodules\platform\core\org-netbeans-libs-asm.jar;C:\Users\ander\OneDrive\Dokumenter\4. Semester\COP\Spring lab\AsteroidsNetbeansModules\application\target\asteroidsnetbeansmodules\platform\core\org-openide-filesystems.jar
-------------------------------------------------------------------------------
INFO [org.netbeans.core.startup.NbEvents]: Turning on modules:
	org.openide.util.lookup [8.39 11.2-d04fb24027334c4b6fd8397b5d0cdd33187a8f54]
	org.openide.util [9.13 11.2-d04fb24027334c4b6fd8397b5d0cdd33187a8f54]
	org.openide.util.ui [9.14 11.2-d04fb24027334c4b6fd8397b5d0cdd33187a8f54]
	org.openide.modules [7.54 11.2-d04fb24027334c4b6fd8397b5d0cdd33187a8f54]
	org.openide.filesystems [9.16 11.2-d04fb24027334c4b6fd8397b5d0cdd33187a8f54]
	org.netbeans.libs.asm [5.9 11.2-d04fb24027334c4b6fd8397b5d0cdd33187a8f54]
	org.netbeans.bootstrap/1 [2.84 11.2-d04fb24027334c4b6fd8397b5d0cdd33187a8f54]
	org.netbeans.core.startup.base [1.68.0.1 1 11.2-d04fb24027334c4b6fd8397b5d0cdd33187a8f54]
	org.netbeans.core.startup/1 [1.68.0.1 11.2-d04fb24027334c4b6fd8397b5d0cdd33187a8f54]
	org.netbeans.libs.osgi [1.28 11.2-d04fb24027334c4b6fd8397b5d0cdd33187a8f54]
	org.netbeans.core.netigso [1.37 11.2-d04fb24027334c4b6fd8397b5d0cdd33187a8f54]
	org.netbeans.modules.netbinox [1.47 11.2-d04fb24027334c4b6fd8397b5d0cdd33187a8f54]
	org.netbeans.api.annotations.common/1 [1.33 11.2-d04fb24027334c4b6fd8397b5d0cdd33187a8f54]
	dk.sdu.mmmi.cbse.Common [1.0 1.0-20210506 202105061138]
